<?xml version="1.0" encoding="UTF-8"?>
<testng-results skipped="0" failed="2" ignored="3" total="11" passed="6">
  <reporter-output>
    <line>
      <![CDATA[<a href='/Users/nadiruzzamanmuhammad/Documents/seleniumStepbySetp/src/main/java/success_screenshots/verifySignInButtonClickable_26_06_2021_10_31_58.png'> <image src='/Users/nadiruzzamanmuhammad/Documents/seleniumStepbySetp/src/main/java/success_screenshots/verifySignInButtonClickable_26_06_2021_10_31_58.png' height='100' width='100'/> </a>]]>
    </line>
    <line>
      <![CDATA[<a href='/Users/nadiruzzamanmuhammad/Documents/seleniumStepbySetp/src/main/java/success_screenshots/verifySpecialsTextDisplayedInOverviewPage_26_06_2021_10_32_04.png'> <image src='/Users/nadiruzzamanmuhammad/Documents/seleniumStepbySetp/src/main/java/success_screenshots/verifySpecialsTextDisplayedInOverviewPage_26_06_2021_10_32_04.png' height='100' width='100'/> </a>]]>
    </line>
    <line>
      <![CDATA[<a href='/Users/nadiruzzamanmuhammad/Documents/seleniumStepbySetp/src/main/java/success_screenshots/verifyNewProductsTextDisplayedInOverviewPage_26_06_2021_10_32_05.png'> <image src='/Users/nadiruzzamanmuhammad/Documents/seleniumStepbySetp/src/main/java/success_screenshots/verifyNewProductsTextDisplayedInOverviewPage_26_06_2021_10_32_05.png' height='100' width='100'/> </a>]]>
    </line>
    <line>
      <![CDATA[<a href='/Users/nadiruzzamanmuhammad/Documents/seleniumStepbySetp/src/main/java/success_screenshots/verifyBestSellersTextDisplayedInOverviewPage_26_06_2021_10_32_06.png'> <image src='/Users/nadiruzzamanmuhammad/Documents/seleniumStepbySetp/src/main/java/success_screenshots/verifyBestSellersTextDisplayedInOverviewPage_26_06_2021_10_32_06.png' height='100' width='100'/> </a>]]>
    </line>
    <line>
      <![CDATA[<a href='/Users/nadiruzzamanmuhammad/Documents/seleniumStepbySetp/src/main/java/failure_screenshots/verifyMyPersonalInfoTextDisplayedInOverviewPage_26_06_2021_10_32_08.png'> <image src='/Users/nadiruzzamanmuhammad/Documents/seleniumStepbySetp/src/main/java/failure_screenshots/verifyMyPersonalInfoTextDisplayedInOverviewPage_26_06_2021_10_32_08.png' height='100' width='100'/> </a>]]>
    </line>
    <line>
      <![CDATA[<a href='/Users/nadiruzzamanmuhammad/Documents/seleniumStepbySetp/src/main/java/success_screenshots/verifyTopsButtonDisplayedUnderWomenCat_26_06_2021_10_32_11.png'> <image src='/Users/nadiruzzamanmuhammad/Documents/seleniumStepbySetp/src/main/java/success_screenshots/verifyTopsButtonDisplayedUnderWomenCat_26_06_2021_10_32_11.png' height='100' width='100'/> </a>]]>
    </line>
    <line>
      <![CDATA[<a href='/Users/nadiruzzamanmuhammad/Documents/seleniumStepbySetp/src/main/java/success_screenshots/verifySearchByDress_26_06_2021_10_32_19.png'> <image src='/Users/nadiruzzamanmuhammad/Documents/seleniumStepbySetp/src/main/java/success_screenshots/verifySearchByDress_26_06_2021_10_32_19.png' height='100' width='100'/> </a>]]>
    </line>
    <line>
      <![CDATA[<a href='/Users/nadiruzzamanmuhammad/Documents/seleniumStepbySetp/src/main/java/failure_screenshots/verifySearchByCap_26_06_2021_10_32_21.png'> <image src='/Users/nadiruzzamanmuhammad/Documents/seleniumStepbySetp/src/main/java/failure_screenshots/verifySearchByCap_26_06_2021_10_32_21.png' height='100' width='100'/> </a>]]>
    </line>
  </reporter-output>
  <suite name="All Test Suite" duration-ms="32505" started-at="2021-06-26T10:31:49 EDT" finished-at="2021-06-26T10:32:21 EDT">
    <groups>
    </groups>
    <test name="Valid Login Test with chrome" duration-ms="9656" started-at="2021-06-26T10:31:49 EDT" finished-at="2021-06-26T10:31:58 EDT">
      <class name="loginTest.ValidLoginTest">
        <test-method status="PASS" signature="init(java.lang.String)[pri:0, instance:loginTest.ValidLoginTest@3427b02d]" name="init" is-config="true" duration-ms="7350" started-at="2021-06-26T10:31:49 EDT" finished-at="2021-06-26T10:31:56 EDT">
          <params>
            <param index="0">
              <value>
                <![CDATA[chrome]]>
              </value>
            </param>
          </params>
          <reporter-output>
          </reporter-output>
        </test-method> <!-- init -->
        <test-method status="PASS" signature="verifySignInButtonClickable()[pri:0, instance:loginTest.ValidLoginTest@3427b02d]" name="verifySignInButtonClickable" duration-ms="1844" started-at="2021-06-26T10:31:56 EDT" finished-at="2021-06-26T10:31:58 EDT">
          <reporter-output>
            <line>
              <![CDATA[<a href='/Users/nadiruzzamanmuhammad/Documents/seleniumStepbySetp/src/main/java/success_screenshots/verifySignInButtonClickable_26_06_2021_10_31_58.png'> <image src='/Users/nadiruzzamanmuhammad/Documents/seleniumStepbySetp/src/main/java/success_screenshots/verifySignInButtonClickable_26_06_2021_10_31_58.png' height='100' width='100'/> </a>]]>
            </line>
          </reporter-output>
        </test-method> <!-- verifySignInButtonClickable -->
        <test-method status="PASS" signature="endTest()[pri:0, instance:loginTest.ValidLoginTest@3427b02d]" name="endTest" is-config="true" duration-ms="0" started-at="2021-06-26T10:31:58 EDT" finished-at="2021-06-26T10:31:58 EDT">
          <reporter-output>
          </reporter-output>
        </test-method> <!-- endTest -->
      </class> <!-- loginTest.ValidLoginTest -->
    </test> <!-- Valid Login Test with chrome -->
    <test name="Overview Page" duration-ms="13503" started-at="2021-06-26T10:31:58 EDT" finished-at="2021-06-26T10:32:12 EDT">
      <class name="overviewPage.OverViewPageDisplayTest">
        <test-method status="PASS" signature="init(java.lang.String)[pri:0, instance:overviewPage.OverViewPageDisplayTest@6e171cd7]" name="init" is-config="true" duration-ms="5016" started-at="2021-06-26T10:31:58 EDT" finished-at="2021-06-26T10:32:03 EDT">
          <params>
            <param index="0">
              <value>
                <![CDATA[chrome]]>
              </value>
            </param>
          </params>
          <reporter-output>
          </reporter-output>
        </test-method> <!-- init -->
        <test-method status="PASS" signature="verifySpecialsTextDisplayedInOverviewPage()[pri:0, instance:overviewPage.OverViewPageDisplayTest@6e171cd7]" name="verifySpecialsTextDisplayedInOverviewPage" duration-ms="296" started-at="2021-06-26T10:32:03 EDT" finished-at="2021-06-26T10:32:04 EDT">
          <reporter-output>
            <line>
              <![CDATA[<a href='/Users/nadiruzzamanmuhammad/Documents/seleniumStepbySetp/src/main/java/success_screenshots/verifySpecialsTextDisplayedInOverviewPage_26_06_2021_10_32_04.png'> <image src='/Users/nadiruzzamanmuhammad/Documents/seleniumStepbySetp/src/main/java/success_screenshots/verifySpecialsTextDisplayedInOverviewPage_26_06_2021_10_32_04.png' height='100' width='100'/> </a>]]>
            </line>
          </reporter-output>
        </test-method> <!-- verifySpecialsTextDisplayedInOverviewPage -->
        <test-method status="PASS" signature="verifyNewProductsTextDisplayedInOverviewPage()[pri:0, instance:overviewPage.OverViewPageDisplayTest@6e171cd7]" name="verifyNewProductsTextDisplayedInOverviewPage" duration-ms="39" started-at="2021-06-26T10:32:05 EDT" finished-at="2021-06-26T10:32:05 EDT">
          <reporter-output>
            <line>
              <![CDATA[<a href='/Users/nadiruzzamanmuhammad/Documents/seleniumStepbySetp/src/main/java/success_screenshots/verifyNewProductsTextDisplayedInOverviewPage_26_06_2021_10_32_05.png'> <image src='/Users/nadiruzzamanmuhammad/Documents/seleniumStepbySetp/src/main/java/success_screenshots/verifyNewProductsTextDisplayedInOverviewPage_26_06_2021_10_32_05.png' height='100' width='100'/> </a>]]>
            </line>
          </reporter-output>
        </test-method> <!-- verifyNewProductsTextDisplayedInOverviewPage -->
        <test-method status="PASS" signature="verifyBestSellersTextDisplayedInOverviewPage()[pri:0, instance:overviewPage.OverViewPageDisplayTest@6e171cd7]" name="verifyBestSellersTextDisplayedInOverviewPage" duration-ms="54" started-at="2021-06-26T10:32:06 EDT" finished-at="2021-06-26T10:32:06 EDT">
          <reporter-output>
            <line>
              <![CDATA[<a href='/Users/nadiruzzamanmuhammad/Documents/seleniumStepbySetp/src/main/java/success_screenshots/verifyBestSellersTextDisplayedInOverviewPage_26_06_2021_10_32_06.png'> <image src='/Users/nadiruzzamanmuhammad/Documents/seleniumStepbySetp/src/main/java/success_screenshots/verifyBestSellersTextDisplayedInOverviewPage_26_06_2021_10_32_06.png' height='100' width='100'/> </a>]]>
            </line>
          </reporter-output>
        </test-method> <!-- verifyBestSellersTextDisplayedInOverviewPage -->
        <test-method status="FAIL" signature="verifyMyPersonalInfoTextDisplayedInOverviewPage()[pri:0, instance:overviewPage.OverViewPageDisplayTest@6e171cd7]" name="verifyMyPersonalInfoTextDisplayedInOverviewPage" duration-ms="39" started-at="2021-06-26T10:32:08 EDT" finished-at="2021-06-26T10:32:08 EDT">
          <exception class="org.openqa.selenium.NoSuchElementException">
            <message>
              <![CDATA[no such element: Unable to locate element: {"method":"xpath","selector":"//a[contains(text(),'ZamanName')]"}
  (Session info: chrome=91.0.4472.114)
For documentation on this error, please visit: https://selenium.dev/exceptions/#no_such_element
Build info: version: '4.0.0-alpha-7', revision: 'de8579b6d5'
System info: host: 'Nadiruzzamans-MacBook-Pro.local', ip: '192.168.200.40', os.name: 'Mac OS X', os.arch: 'x86_64', os.version: '10.15.7', java.version: '1.8.0_181'
Driver info: org.openqa.selenium.chrome.ChromeDriver
Capabilities {acceptInsecureCerts: false, browserName: chrome, browserVersion: 91.0.4472.114, chrome: {chromedriverVersion: 91.0.4472.101 (af52a90bf870..., userDataDir: /var/folders/mm/x4ngx3h945v...}, goog:chromeOptions: {debuggerAddress: localhost:59060}, javascriptEnabled: true, networkConnectionEnabled: false, pageLoadStrategy: normal, platform: MAC, platformName: MAC, proxy: Proxy(), setWindowRect: true, strictFileInteractability: false, timeouts: {implicit: 0, pageLoad: 300000, script: 30000}, unhandledPromptBehavior: dismiss and notify, webauthn:extension:largeBlob: true, webauthn:virtualAuthenticators: true}
Session ID: 64477fcd304332f7017201bb3bd0e77a
*** Element info: {Using=xpath, value=//a[contains(text(),'ZamanName')]}]]>
            </message>
            <full-stacktrace>
              <![CDATA[org.openqa.selenium.NoSuchElementException: no such element: Unable to locate element: {"method":"xpath","selector":"//a[contains(text(),'ZamanName')]"}
  (Session info: chrome=91.0.4472.114)
For documentation on this error, please visit: https://selenium.dev/exceptions/#no_such_element
Build info: version: '4.0.0-alpha-7', revision: 'de8579b6d5'
System info: host: 'Nadiruzzamans-MacBook-Pro.local', ip: '192.168.200.40', os.name: 'Mac OS X', os.arch: 'x86_64', os.version: '10.15.7', java.version: '1.8.0_181'
Driver info: org.openqa.selenium.chrome.ChromeDriver
Capabilities {acceptInsecureCerts: false, browserName: chrome, browserVersion: 91.0.4472.114, chrome: {chromedriverVersion: 91.0.4472.101 (af52a90bf870..., userDataDir: /var/folders/mm/x4ngx3h945v...}, goog:chromeOptions: {debuggerAddress: localhost:59060}, javascriptEnabled: true, networkConnectionEnabled: false, pageLoadStrategy: normal, platform: MAC, platformName: MAC, proxy: Proxy(), setWindowRect: true, strictFileInteractability: false, timeouts: {implicit: 0, pageLoad: 300000, script: 30000}, unhandledPromptBehavior: dismiss and notify, webauthn:extension:largeBlob: true, webauthn:virtualAuthenticators: true}
Session ID: 64477fcd304332f7017201bb3bd0e77a
*** Element info: {Using=xpath, value=//a[contains(text(),'ZamanName')]}
at sun.reflect.NativeConstructorAccessorImpl.newInstance0(Native Method)
at sun.reflect.NativeConstructorAccessorImpl.newInstance(NativeConstructorAccessorImpl.java:62)
at sun.reflect.DelegatingConstructorAccessorImpl.newInstance(DelegatingConstructorAccessorImpl.java:45)
at java.lang.reflect.Constructor.newInstance(Constructor.java:423)
at org.openqa.selenium.remote.codec.w3c.W3CHttpResponseCodec.createException(W3CHttpResponseCodec.java:196)
at org.openqa.selenium.remote.codec.w3c.W3CHttpResponseCodec.decode(W3CHttpResponseCodec.java:129)
at org.openqa.selenium.remote.codec.w3c.W3CHttpResponseCodec.decode(W3CHttpResponseCodec.java:53)
at org.openqa.selenium.remote.HttpCommandExecutor.execute(HttpCommandExecutor.java:167)
at org.openqa.selenium.remote.service.DriverCommandExecutor.execute(DriverCommandExecutor.java:123)
at org.openqa.selenium.remote.RemoteWebDriver.execute(RemoteWebDriver.java:501)
at org.openqa.selenium.remote.RemoteWebDriver.findElement(RemoteWebDriver.java:332)
at org.openqa.selenium.By$ByXPath.findElement(By.java:379)
at org.openqa.selenium.remote.RemoteWebDriver.findElement(RemoteWebDriver.java:312)
at controller.OverviewPageController.overviewPageInfo(OverviewPageController.java:33)
at overviewPage.OverViewPageDisplayTest.verifyMyPersonalInfoTextDisplayedInOverviewPage(OverViewPageDisplayTest.java:32)
at sun.reflect.NativeMethodAccessorImpl.invoke0(Native Method)
at sun.reflect.NativeMethodAccessorImpl.invoke(NativeMethodAccessorImpl.java:62)
at sun.reflect.DelegatingMethodAccessorImpl.invoke(DelegatingMethodAccessorImpl.java:43)
at java.lang.reflect.Method.invoke(Method.java:498)
at org.testng.internal.MethodInvocationHelper.invokeMethod(MethodInvocationHelper.java:132)
at org.testng.internal.TestInvoker.invokeMethod(TestInvoker.java:599)
at org.testng.internal.TestInvoker.invokeTestMethod(TestInvoker.java:174)
at org.testng.internal.MethodRunner.runInSequence(MethodRunner.java:46)
at org.testng.internal.TestInvoker$MethodInvocationAgent.invoke(TestInvoker.java:822)
at org.testng.internal.TestInvoker.invokeTestMethods(TestInvoker.java:147)
at org.testng.internal.TestMethodWorker.invokeTestMethods(TestMethodWorker.java:146)
at org.testng.internal.TestMethodWorker.run(TestMethodWorker.java:128)
at java.util.ArrayList.forEach(ArrayList.java:1257)
at org.testng.TestRunner.privateRun(TestRunner.java:764)
at org.testng.TestRunner.run(TestRunner.java:585)
at org.testng.SuiteRunner.runTest(SuiteRunner.java:384)
at org.testng.SuiteRunner.runSequentially(SuiteRunner.java:378)
at org.testng.SuiteRunner.privateRun(SuiteRunner.java:337)
at org.testng.SuiteRunner.run(SuiteRunner.java:286)
at org.testng.SuiteRunnerWorker.runSuite(SuiteRunnerWorker.java:53)
at org.testng.SuiteRunnerWorker.run(SuiteRunnerWorker.java:96)
at org.testng.TestNG.runSuitesSequentially(TestNG.java:1218)
at org.testng.TestNG.runSuitesLocally(TestNG.java:1140)
at org.testng.TestNG.runSuites(TestNG.java:1069)
at org.testng.TestNG.run(TestNG.java:1037)
at com.intellij.rt.testng.IDEARemoteTestNG.run(IDEARemoteTestNG.java:66)
at com.intellij.rt.testng.RemoteTestNGStarter.main(RemoteTestNGStarter.java:110)
]]>
            </full-stacktrace>
          </exception> <!-- org.openqa.selenium.NoSuchElementException -->
          <reporter-output>
            <line>
              <![CDATA[<a href='/Users/nadiruzzamanmuhammad/Documents/seleniumStepbySetp/src/main/java/failure_screenshots/verifyMyPersonalInfoTextDisplayedInOverviewPage_26_06_2021_10_32_08.png'> <image src='/Users/nadiruzzamanmuhammad/Documents/seleniumStepbySetp/src/main/java/failure_screenshots/verifyMyPersonalInfoTextDisplayedInOverviewPage_26_06_2021_10_32_08.png' height='100' width='100'/> </a>]]>
            </line>
          </reporter-output>
        </test-method> <!-- verifyMyPersonalInfoTextDisplayedInOverviewPage -->
        <test-method status="PASS" signature="verifyTopsButtonDisplayedUnderWomenCat()[pri:0, instance:overviewPage.OverViewPageDisplayTest@6e171cd7]" name="verifyTopsButtonDisplayedUnderWomenCat" duration-ms="2212" started-at="2021-06-26T10:32:09 EDT" finished-at="2021-06-26T10:32:11 EDT">
          <reporter-output>
            <line>
              <![CDATA[<a href='/Users/nadiruzzamanmuhammad/Documents/seleniumStepbySetp/src/main/java/success_screenshots/verifyTopsButtonDisplayedUnderWomenCat_26_06_2021_10_32_11.png'> <image src='/Users/nadiruzzamanmuhammad/Documents/seleniumStepbySetp/src/main/java/success_screenshots/verifyTopsButtonDisplayedUnderWomenCat_26_06_2021_10_32_11.png' height='100' width='100'/> </a>]]>
            </line>
          </reporter-output>
        </test-method> <!-- verifyTopsButtonDisplayedUnderWomenCat -->
        <test-method status="PASS" signature="endTest()[pri:0, instance:overviewPage.OverViewPageDisplayTest@6e171cd7]" name="endTest" is-config="true" duration-ms="0" started-at="2021-06-26T10:32:12 EDT" finished-at="2021-06-26T10:32:12 EDT">
          <reporter-output>
          </reporter-output>
        </test-method> <!-- endTest -->
      </class> <!-- overviewPage.OverViewPageDisplayTest -->
    </test> <!-- Overview Page -->
    <test name="Search Page" duration-ms="9314" started-at="2021-06-26T10:32:12 EDT" finished-at="2021-06-26T10:32:21 EDT">
      <class name="searchTest.validProductSearch">
        <test-method status="PASS" signature="init(java.lang.String)[pri:0, instance:searchTest.validProductSearch@384ad17b]" name="init" is-config="true" duration-ms="5578" started-at="2021-06-26T10:32:12 EDT" finished-at="2021-06-26T10:32:17 EDT">
          <params>
            <param index="0">
              <value>
                <![CDATA[chrome]]>
              </value>
            </param>
          </params>
          <reporter-output>
          </reporter-output>
        </test-method> <!-- init -->
        <test-method status="PASS" signature="verifySearchByDress()[pri:0, instance:searchTest.validProductSearch@384ad17b]" name="verifySearchByDress" duration-ms="1823" started-at="2021-06-26T10:32:17 EDT" finished-at="2021-06-26T10:32:19 EDT">
          <reporter-output>
            <line>
              <![CDATA[<a href='/Users/nadiruzzamanmuhammad/Documents/seleniumStepbySetp/src/main/java/success_screenshots/verifySearchByDress_26_06_2021_10_32_19.png'> <image src='/Users/nadiruzzamanmuhammad/Documents/seleniumStepbySetp/src/main/java/success_screenshots/verifySearchByDress_26_06_2021_10_32_19.png' height='100' width='100'/> </a>]]>
            </line>
          </reporter-output>
        </test-method> <!-- verifySearchByDress -->
        <test-method status="FAIL" signature="verifySearchByCap()[pri:0, instance:searchTest.validProductSearch@384ad17b]" name="verifySearchByCap" duration-ms="923" started-at="2021-06-26T10:32:20 EDT" finished-at="2021-06-26T10:32:21 EDT">
          <exception class="org.openqa.selenium.NoSuchElementException">
            <message>
              <![CDATA[no such element: Unable to locate element: {"method":"xpath","selector":"//h1/span[contains(text(),'Cap')]"}
  (Session info: chrome=91.0.4472.114)
For documentation on this error, please visit: https://selenium.dev/exceptions/#no_such_element
Build info: version: '4.0.0-alpha-7', revision: 'de8579b6d5'
System info: host: 'Nadiruzzamans-MacBook-Pro.local', ip: '192.168.200.40', os.name: 'Mac OS X', os.arch: 'x86_64', os.version: '10.15.7', java.version: '1.8.0_181'
Driver info: org.openqa.selenium.chrome.ChromeDriver
Capabilities {acceptInsecureCerts: false, browserName: chrome, browserVersion: 91.0.4472.114, chrome: {chromedriverVersion: 91.0.4472.101 (af52a90bf870..., userDataDir: /var/folders/mm/x4ngx3h945v...}, goog:chromeOptions: {debuggerAddress: localhost:59143}, javascriptEnabled: true, networkConnectionEnabled: false, pageLoadStrategy: normal, platform: MAC, platformName: MAC, proxy: Proxy(), setWindowRect: true, strictFileInteractability: false, timeouts: {implicit: 0, pageLoad: 300000, script: 30000}, unhandledPromptBehavior: dismiss and notify, webauthn:extension:largeBlob: true, webauthn:virtualAuthenticators: true}
Session ID: adcb95da7821651ef3d8078863c52d00
*** Element info: {Using=xpath, value=//h1/span[contains(text(),'Cap')]}]]>
            </message>
            <full-stacktrace>
              <![CDATA[org.openqa.selenium.NoSuchElementException: no such element: Unable to locate element: {"method":"xpath","selector":"//h1/span[contains(text(),'Cap')]"}
  (Session info: chrome=91.0.4472.114)
For documentation on this error, please visit: https://selenium.dev/exceptions/#no_such_element
Build info: version: '4.0.0-alpha-7', revision: 'de8579b6d5'
System info: host: 'Nadiruzzamans-MacBook-Pro.local', ip: '192.168.200.40', os.name: 'Mac OS X', os.arch: 'x86_64', os.version: '10.15.7', java.version: '1.8.0_181'
Driver info: org.openqa.selenium.chrome.ChromeDriver
Capabilities {acceptInsecureCerts: false, browserName: chrome, browserVersion: 91.0.4472.114, chrome: {chromedriverVersion: 91.0.4472.101 (af52a90bf870..., userDataDir: /var/folders/mm/x4ngx3h945v...}, goog:chromeOptions: {debuggerAddress: localhost:59143}, javascriptEnabled: true, networkConnectionEnabled: false, pageLoadStrategy: normal, platform: MAC, platformName: MAC, proxy: Proxy(), setWindowRect: true, strictFileInteractability: false, timeouts: {implicit: 0, pageLoad: 300000, script: 30000}, unhandledPromptBehavior: dismiss and notify, webauthn:extension:largeBlob: true, webauthn:virtualAuthenticators: true}
Session ID: adcb95da7821651ef3d8078863c52d00
*** Element info: {Using=xpath, value=//h1/span[contains(text(),'Cap')]}
at sun.reflect.NativeConstructorAccessorImpl.newInstance0(Native Method)
at sun.reflect.NativeConstructorAccessorImpl.newInstance(NativeConstructorAccessorImpl.java:62)
at sun.reflect.DelegatingConstructorAccessorImpl.newInstance(DelegatingConstructorAccessorImpl.java:45)
at java.lang.reflect.Constructor.newInstance(Constructor.java:423)
at org.openqa.selenium.remote.codec.w3c.W3CHttpResponseCodec.createException(W3CHttpResponseCodec.java:196)
at org.openqa.selenium.remote.codec.w3c.W3CHttpResponseCodec.decode(W3CHttpResponseCodec.java:129)
at org.openqa.selenium.remote.codec.w3c.W3CHttpResponseCodec.decode(W3CHttpResponseCodec.java:53)
at org.openqa.selenium.remote.HttpCommandExecutor.execute(HttpCommandExecutor.java:167)
at org.openqa.selenium.remote.service.DriverCommandExecutor.execute(DriverCommandExecutor.java:123)
at org.openqa.selenium.remote.RemoteWebDriver.execute(RemoteWebDriver.java:501)
at org.openqa.selenium.remote.RemoteWebDriver.findElement(RemoteWebDriver.java:332)
at org.openqa.selenium.By$ByXPath.findElement(By.java:379)
at org.openqa.selenium.remote.RemoteWebDriver.findElement(RemoteWebDriver.java:312)
at controller.Search.searchDisplay(Search.java:26)
at controller.Search.searchProduct(Search.java:36)
at searchTest.validProductSearch.verifySearchByCap(validProductSearch.java:22)
at sun.reflect.NativeMethodAccessorImpl.invoke0(Native Method)
at sun.reflect.NativeMethodAccessorImpl.invoke(NativeMethodAccessorImpl.java:62)
at sun.reflect.DelegatingMethodAccessorImpl.invoke(DelegatingMethodAccessorImpl.java:43)
at java.lang.reflect.Method.invoke(Method.java:498)
at org.testng.internal.MethodInvocationHelper.invokeMethod(MethodInvocationHelper.java:132)
at org.testng.internal.TestInvoker.invokeMethod(TestInvoker.java:599)
at org.testng.internal.TestInvoker.invokeTestMethod(TestInvoker.java:174)
at org.testng.internal.MethodRunner.runInSequence(MethodRunner.java:46)
at org.testng.internal.TestInvoker$MethodInvocationAgent.invoke(TestInvoker.java:822)
at org.testng.internal.TestInvoker.invokeTestMethods(TestInvoker.java:147)
at org.testng.internal.TestMethodWorker.invokeTestMethods(TestMethodWorker.java:146)
at org.testng.internal.TestMethodWorker.run(TestMethodWorker.java:128)
at java.util.ArrayList.forEach(ArrayList.java:1257)
at org.testng.TestRunner.privateRun(TestRunner.java:764)
at org.testng.TestRunner.run(TestRunner.java:585)
at org.testng.SuiteRunner.runTest(SuiteRunner.java:384)
at org.testng.SuiteRunner.runSequentially(SuiteRunner.java:378)
at org.testng.SuiteRunner.privateRun(SuiteRunner.java:337)
at org.testng.SuiteRunner.run(SuiteRunner.java:286)
at org.testng.SuiteRunnerWorker.runSuite(SuiteRunnerWorker.java:53)
at org.testng.SuiteRunnerWorker.run(SuiteRunnerWorker.java:96)
at org.testng.TestNG.runSuitesSequentially(TestNG.java:1218)
at org.testng.TestNG.runSuitesLocally(TestNG.java:1140)
at org.testng.TestNG.runSuites(TestNG.java:1069)
at org.testng.TestNG.run(TestNG.java:1037)
at com.intellij.rt.testng.IDEARemoteTestNG.run(IDEARemoteTestNG.java:66)
at com.intellij.rt.testng.RemoteTestNGStarter.main(RemoteTestNGStarter.java:110)
]]>
            </full-stacktrace>
          </exception> <!-- org.openqa.selenium.NoSuchElementException -->
          <reporter-output>
            <line>
              <![CDATA[<a href='/Users/nadiruzzamanmuhammad/Documents/seleniumStepbySetp/src/main/java/failure_screenshots/verifySearchByCap_26_06_2021_10_32_21.png'> <image src='/Users/nadiruzzamanmuhammad/Documents/seleniumStepbySetp/src/main/java/failure_screenshots/verifySearchByCap_26_06_2021_10_32_21.png' height='100' width='100'/> </a>]]>
            </line>
          </reporter-output>
        </test-method> <!-- verifySearchByCap -->
        <test-method status="PASS" signature="endTest()[pri:0, instance:searchTest.validProductSearch@384ad17b]" name="endTest" is-config="true" duration-ms="1" started-at="2021-06-26T10:32:21 EDT" finished-at="2021-06-26T10:32:21 EDT">
          <reporter-output>
          </reporter-output>
        </test-method> <!-- endTest -->
      </class> <!-- searchTest.validProductSearch -->
    </test> <!-- Search Page -->
  </suite> <!-- All Test Suite -->
</testng-results>
