<?xml version="1.0" encoding="UTF-8"?>
<!-- Generated by org.testng.reporters.JUnitReportReporter -->
<testsuite skipped="0" hostname="Nadiruzzamans-MacBook-Pro.local" name="overviewPage.OverViewPageDisplayTest" tests="5" failures="0" timestamp="2021-06-26T10:32:21 EDT" time="2.640" errors="1">
  <testcase name="verifySpecialsTextDisplayedInOverviewPage" time="0.296" classname="overviewPage.OverViewPageDisplayTest"/>
  <system-out>
<a href='/Users/nadiruzzamanmuhammad/Documents/seleniumStepbySetp/src/main/java/success_screenshots/verifySpecialsTextDisplayedInOverviewPage_26_06_2021_10_32_04.png'> <image src='/Users/nadiruzzamanmuhammad/Documents/seleniumStepbySetp/src/main/java/success_screenshots/verifySpecialsTextDisplayedInOverviewPage_26_06_2021_10_32_04.png' height='100' width='100'/> </a>  </system-out>
  <testcase name="verifyMyPersonalInfoTextDisplayedInOverviewPage" time="0.039" classname="overviewPage.OverViewPageDisplayTest">
    <error type="org.openqa.selenium.NoSuchElementException" message="no such element: Unable to locate element: {&quot;method&quot;:&quot;xpath&quot;,&quot;selector&quot;:&quot;//a[contains(text(),&#039;ZamanName&#039;)]&quot;}
  (Session info: chrome=91.0.4472.114)
For documentation on this error, please visit: https://selenium.dev/exceptions/#no_such_element
Build info: version: &#039;4.0.0-alpha-7&#039;, revision: &#039;de8579b6d5&#039;
System info: host: &#039;Nadiruzzamans-MacBook-Pro.local&#039;, ip: &#039;192.168.200.40&#039;, os.name: &#039;Mac OS X&#039;, os.arch: &#039;x86_64&#039;, os.version: &#039;10.15.7&#039;, java.version: &#039;1.8.0_181&#039;
Driver info: org.openqa.selenium.chrome.ChromeDriver
Capabilities {acceptInsecureCerts: false, browserName: chrome, browserVersion: 91.0.4472.114, chrome: {chromedriverVersion: 91.0.4472.101 (af52a90bf870..., userDataDir: /var/folders/mm/x4ngx3h945v...}, goog:chromeOptions: {debuggerAddress: localhost:59060}, javascriptEnabled: true, networkConnectionEnabled: false, pageLoadStrategy: normal, platform: MAC, platformName: MAC, proxy: Proxy(), setWindowRect: true, strictFileInteractability: false, timeouts: {implicit: 0, pageLoad: 300000, script: 30000}, unhandledPromptBehavior: dismiss and notify, webauthn:extension:largeBlob: true, webauthn:virtualAuthenticators: true}
Session ID: 64477fcd304332f7017201bb3bd0e77a
*** Element info: {Using=xpath, value=//a[contains(text(),&#039;ZamanName&#039;)]}">
      <![CDATA[org.openqa.selenium.NoSuchElementException: no such element: Unable to locate element: {"method":"xpath","selector":"//a[contains(text(),'ZamanName')]"}
  (Session info: chrome=91.0.4472.114)
For documentation on this error, please visit: https://selenium.dev/exceptions/#no_such_element
Build info: version: '4.0.0-alpha-7', revision: 'de8579b6d5'
System info: host: 'Nadiruzzamans-MacBook-Pro.local', ip: '192.168.200.40', os.name: 'Mac OS X', os.arch: 'x86_64', os.version: '10.15.7', java.version: '1.8.0_181'
Driver info: org.openqa.selenium.chrome.ChromeDriver
Capabilities {acceptInsecureCerts: false, browserName: chrome, browserVersion: 91.0.4472.114, chrome: {chromedriverVersion: 91.0.4472.101 (af52a90bf870..., userDataDir: /var/folders/mm/x4ngx3h945v...}, goog:chromeOptions: {debuggerAddress: localhost:59060}, javascriptEnabled: true, networkConnectionEnabled: false, pageLoadStrategy: normal, platform: MAC, platformName: MAC, proxy: Proxy(), setWindowRect: true, strictFileInteractability: false, timeouts: {implicit: 0, pageLoad: 300000, script: 30000}, unhandledPromptBehavior: dismiss and notify, webauthn:extension:largeBlob: true, webauthn:virtualAuthenticators: true}
Session ID: 64477fcd304332f7017201bb3bd0e77a
*** Element info: {Using=xpath, value=//a[contains(text(),'ZamanName')]}
at sun.reflect.NativeConstructorAccessorImpl.newInstance0(Native Method)
at sun.reflect.NativeConstructorAccessorImpl.newInstance(NativeConstructorAccessorImpl.java:62)
at sun.reflect.DelegatingConstructorAccessorImpl.newInstance(DelegatingConstructorAccessorImpl.java:45)
at java.lang.reflect.Constructor.newInstance(Constructor.java:423)
at org.openqa.selenium.remote.codec.w3c.W3CHttpResponseCodec.createException(W3CHttpResponseCodec.java:196)
at org.openqa.selenium.remote.codec.w3c.W3CHttpResponseCodec.decode(W3CHttpResponseCodec.java:129)
at org.openqa.selenium.remote.codec.w3c.W3CHttpResponseCodec.decode(W3CHttpResponseCodec.java:53)
at org.openqa.selenium.remote.HttpCommandExecutor.execute(HttpCommandExecutor.java:167)
at org.openqa.selenium.remote.service.DriverCommandExecutor.execute(DriverCommandExecutor.java:123)
at org.openqa.selenium.remote.RemoteWebDriver.execute(RemoteWebDriver.java:501)
at org.openqa.selenium.remote.RemoteWebDriver.findElement(RemoteWebDriver.java:332)
at org.openqa.selenium.By$ByXPath.findElement(By.java:379)
at org.openqa.selenium.remote.RemoteWebDriver.findElement(RemoteWebDriver.java:312)
at controller.OverviewPageController.overviewPageInfo(OverviewPageController.java:33)
at overviewPage.OverViewPageDisplayTest.verifyMyPersonalInfoTextDisplayedInOverviewPage(OverViewPageDisplayTest.java:32)
at sun.reflect.NativeMethodAccessorImpl.invoke0(Native Method)
at sun.reflect.NativeMethodAccessorImpl.invoke(NativeMethodAccessorImpl.java:62)
at sun.reflect.DelegatingMethodAccessorImpl.invoke(DelegatingMethodAccessorImpl.java:43)
at java.lang.reflect.Method.invoke(Method.java:498)
at org.testng.internal.MethodInvocationHelper.invokeMethod(MethodInvocationHelper.java:132)
at org.testng.internal.TestInvoker.invokeMethod(TestInvoker.java:599)
at org.testng.internal.TestInvoker.invokeTestMethod(TestInvoker.java:174)
at org.testng.internal.MethodRunner.runInSequence(MethodRunner.java:46)
at org.testng.internal.TestInvoker$MethodInvocationAgent.invoke(TestInvoker.java:822)
at org.testng.internal.TestInvoker.invokeTestMethods(TestInvoker.java:147)
at org.testng.internal.TestMethodWorker.invokeTestMethods(TestMethodWorker.java:146)
at org.testng.internal.TestMethodWorker.run(TestMethodWorker.java:128)
at java.util.ArrayList.forEach(ArrayList.java:1257)
at org.testng.TestRunner.privateRun(TestRunner.java:764)
at org.testng.TestRunner.run(TestRunner.java:585)
at org.testng.SuiteRunner.runTest(SuiteRunner.java:384)
at org.testng.SuiteRunner.runSequentially(SuiteRunner.java:378)
at org.testng.SuiteRunner.privateRun(SuiteRunner.java:337)
at org.testng.SuiteRunner.run(SuiteRunner.java:286)
at org.testng.SuiteRunnerWorker.runSuite(SuiteRunnerWorker.java:53)
at org.testng.SuiteRunnerWorker.run(SuiteRunnerWorker.java:96)
at org.testng.TestNG.runSuitesSequentially(TestNG.java:1218)
at org.testng.TestNG.runSuitesLocally(TestNG.java:1140)
at org.testng.TestNG.runSuites(TestNG.java:1069)
at org.testng.TestNG.run(TestNG.java:1037)
at com.intellij.rt.testng.IDEARemoteTestNG.run(IDEARemoteTestNG.java:66)
at com.intellij.rt.testng.RemoteTestNGStarter.main(RemoteTestNGStarter.java:110)
]]>
    </error>
  </testcase> <!-- verifyMyPersonalInfoTextDisplayedInOverviewPage -->
  <system-out>
<a href='/Users/nadiruzzamanmuhammad/Documents/seleniumStepbySetp/src/main/java/failure_screenshots/verifyMyPersonalInfoTextDisplayedInOverviewPage_26_06_2021_10_32_08.png'> <image src='/Users/nadiruzzamanmuhammad/Documents/seleniumStepbySetp/src/main/java/failure_screenshots/verifyMyPersonalInfoTextDisplayedInOverviewPage_26_06_2021_10_32_08.png' height='100' width='100'/> </a>  </system-out>
  <testcase name="verifyBestSellersTextDisplayedInOverviewPage" time="0.054" classname="overviewPage.OverViewPageDisplayTest"/>
  <system-out>
<a href='/Users/nadiruzzamanmuhammad/Documents/seleniumStepbySetp/src/main/java/success_screenshots/verifyBestSellersTextDisplayedInOverviewPage_26_06_2021_10_32_06.png'> <image src='/Users/nadiruzzamanmuhammad/Documents/seleniumStepbySetp/src/main/java/success_screenshots/verifyBestSellersTextDisplayedInOverviewPage_26_06_2021_10_32_06.png' height='100' width='100'/> </a>  </system-out>
  <testcase name="verifyNewProductsTextDisplayedInOverviewPage" time="0.039" classname="overviewPage.OverViewPageDisplayTest"/>
  <system-out>
<a href='/Users/nadiruzzamanmuhammad/Documents/seleniumStepbySetp/src/main/java/success_screenshots/verifyNewProductsTextDisplayedInOverviewPage_26_06_2021_10_32_05.png'> <image src='/Users/nadiruzzamanmuhammad/Documents/seleniumStepbySetp/src/main/java/success_screenshots/verifyNewProductsTextDisplayedInOverviewPage_26_06_2021_10_32_05.png' height='100' width='100'/> </a>  </system-out>
  <testcase name="verifyTopsButtonDisplayedUnderWomenCat" time="2.212" classname="overviewPage.OverViewPageDisplayTest"/>
  <system-out>
<a href='/Users/nadiruzzamanmuhammad/Documents/seleniumStepbySetp/src/main/java/success_screenshots/verifyTopsButtonDisplayedUnderWomenCat_26_06_2021_10_32_11.png'> <image src='/Users/nadiruzzamanmuhammad/Documents/seleniumStepbySetp/src/main/java/success_screenshots/verifyTopsButtonDisplayedUnderWomenCat_26_06_2021_10_32_11.png' height='100' width='100'/> </a>  </system-out>
</testsuite> <!-- overviewPage.OverViewPageDisplayTest -->
